{
  "RSpec": {
    "coverage": {
      "/Users/tmh/Documents/govt-urls/spec/api/government_urls_spec.rb": [
        1,
        null,
        1,
        null,
        1,
        1,
        1,
        null,
        null,
        null,
        null,
        null,
        null,
        null,
        1,
        1,
        null,
        null,
        5,
        5,
        null,
        1,
        null,
        1,
        2,
        1,
        null,
        1,
        1,
        1,
        1,
        null,
        1,
        null,
        null,
        null,
        1,
        2,
        2,
        1,
        null,
        1,
        1,
        1,
        null,
        1,
        1,
        1,
        null,
        null,
        null,
        1,
        2,
        2,
        1,
        null,
        1,
        1,
        1,
        null,
        1,
        1,
        null,
        null,
        null,
        1,
        2,
        2,
        1,
        null,
        1,
        1,
        1,
        null,
        1,
        1,
        1,
        null,
        null,
        null,
        null,
        null
      ],
      "/Users/tmh/Documents/govt-urls/spec/importers/tematres_importer_spec.rb": [
        1,
        null,
        1,
        2,
        null,
        2,
        1,
        null,
        null,
        null,
        null,
        null,
        null,
        null,
        1,
        null,
        null,
        2,
        null,
        1,
        2,
        null,
        1,
        1,
        null,
        1,
        1,
        null,
        1,
        null,
        null,
        null,
        null
      ],
      "/Users/tmh/Documents/govt-urls/spec/rails_helper.rb": [
        null,
        1,
        1,
        null,
        1,
        1,
        1,
        null,
        null,
        null,
        null,
        null,
        null,
        null,
        null,
        null,
        null,
        null,
        null,
        null,
        null,
        null,
        null,
        null,
        1,
        null,
        null,
        null,
        null,
        null,
        null,
        null,
        null,
        null,
        null,
        null,
        null,
        null,
        1,
        null
      ],
      "/Users/tmh/Documents/govt-urls/config/environment.rb": [
        null,
        1,
        null,
        null,
        1
      ],
      "/Users/tmh/Documents/govt-urls/config/application.rb": [
        1,
        null,
        1,
        null,
        1,
        1,
        null,
        1,
        1,
        1,
        1,
        1,
        null,
        null,
        null,
        1,
        null,
        1,
        1,
        null,
        null,
        null,
        null,
        null,
        null,
        null,
        null,
        null,
        null,
        null,
        1,
        null,
        null
      ],
      "/Users/tmh/Documents/govt-urls/config/boot.rb": [
        1,
        null,
        1
      ],
      "/Users/tmh/Documents/govt-urls/config/environments/test.rb": [
        1,
        null,
        null,
        null,
        null,
        null,
        null,
        1,
        null,
        null,
        null,
        null,
        1,
        null,
        null,
        1,
        1,
        null,
        null,
        1,
        1,
        null,
        null,
        1,
        null,
        null,
        1,
        null,
        null,
        null,
        null,
        1,
        null,
        null,
        1,
        null,
        null,
        1,
        null,
        null,
        null,
        null
      ],
      "/Users/tmh/Documents/govt-urls/config/initializers/assets.rb": [
        null,
        null,
        null,
        1,
        null,
        null,
        null,
        null,
        null,
        null,
        null
      ],
      "/Users/tmh/Documents/govt-urls/config/initializers/backtrace_silencers.rb": [
        null,
        null,
        null,
        null,
        null,
        null,
        null
      ],
      "/Users/tmh/Documents/govt-urls/config/initializers/cookies_serializer.rb": [
        null,
        null,
        1
      ],
      "/Users/tmh/Documents/govt-urls/config/initializers/filter_parameter_logging.rb": [
        null,
        null,
        null,
        1
      ],
      "/Users/tmh/Documents/govt-urls/config/initializers/inflections.rb": [
        null,
        null,
        null,
        null,
        null,
        null,
        null,
        null,
        null,
        null,
        null,
        null,
        null,
        null,
        null,
        null
      ],
      "/Users/tmh/Documents/govt-urls/config/initializers/mime_types.rb": [
        null,
        null,
        null,
        null
      ],
      "/Users/tmh/Documents/govt-urls/config/initializers/session_store.rb": [
        null,
        null,
        1
      ],
      "/Users/tmh/Documents/govt-urls/config/initializers/wrap_parameters.rb": [
        null,
        null,
        null,
        null,
        null,
        null,
        1,
        1,
        null
      ],
      "/Users/tmh/Documents/govt-urls/config/routes.rb": [
        1,
        null,
        1,
        1,
        null,
        null,
        null
      ],
      "/Users/tmh/Documents/govt-urls/app/helpers/application_helper.rb": [
        1,
        null
      ],
      "/Users/tmh/Documents/govt-urls/app/importers/tematres_importer.rb": [
        1,
        1,
        null,
        1,
        null,
        1,
        null,
        null,
        null,
        null,
        null,
        null,
        null,
        null,
        1,
        2,
        2,
        2,
        2,
        2,
        2,
        null,
        null,
        1,
        2,
        2,
        2,
        2,
        2,
        null,
        2,
        null,
        null,
        1,
        1,
        null,
        null,
        1,
        1,
        1,
        1,
        null,
        null,
        1,
        2,
        null,
        null,
        8,
        null,
        6,
        null,
        2,
        null,
        2,
        null,
        null,
        1,
        2,
        2,
        6,
        6,
        null,
        null,
        null,
        null,
        null,
        8,
        null,
        6,
        null,
        2,
        null,
        null,
        1,
        8,
        6,
        null,
        2,
        null,
        8,
        null,
        null,
        1,
        2,
        2,
        18,
        8,
        6,
        null,
        2,
        null,
        null,
        2,
        null,
        null,
        1,
        2,
        6,
        6,
        6,
        6,
        6,
        null,
        2,
        null,
        null,
        1,
        6,
        6,
        4,
        4,
        4,
        null,
        2,
        null,
        6,
        null,
        null,
        1,
        6,
        6,
        6,
        6,
        null,
        null,
        null,
        6,
        null,
        null,
        1,
        6,
        6,
        8,
        2,
        2,
        2,
        null,
        null,
        6,
        null,
        null,
        1,
        6,
        6,
        2,
        2,
        null,
        null,
        null,
        1,
        6,
        6,
        6,
        4,
        14,
        2,
        null,
        12,
        null,
        null,
        null,
        6,
        null,
        null,
        1,
        6,
        6,
        6,
        2,
        2,
        2,
        null,
        null,
        null,
        6,
        null,
        null,
        1,
        2,
        6,
        2,
        8,
        2,
        null,
        null,
        null,
        2,
        null,
        null,
        null
      ],
      "/Users/tmh/Documents/govt-urls/spec/lib/indexable_spec.rb": [
        1,
        null,
        1,
        3,
        5,
        5,
        5,
        null,
        null,
        null,
        null,
        null,
        null,
        null,
        null,
        null,
        null,
        null,
        1,
        7,
        null,
        1,
        1,
        1,
        2,
        1,
        null,
        null,
        null,
        null,
        1,
        null,
        2,
        null,
        1,
        1,
        null,
        null,
        null,
        null,
        null,
        null,
        null,
        null,
        null,
        1,
        1,
        1,
        2,
        2,
        null,
        null,
        1,
        1,
        1,
        1,
        1,
        null,
        null,
        2,
        2,
        null,
        null,
        null,
        1,
        1,
        1,
        3,
        3,
        null,
        null,
        1,
        3,
        null,
        null,
        1,
        2,
        null,
        null,
        null,
        4,
        null,
        4,
        1,
        6,
        null,
        null,
        1,
        2,
        1,
        1,
        1,
        null,
        null,
        null,
        1,
        2,
        1,
        1,
        1,
        null,
        null,
        null,
        1,
        2,
        1,
        1,
        1,
        null,
        null,
        null,
        null,
        null
      ],
      "/Users/tmh/Documents/govt-urls/lib/indexable.rb": [
        1,
        1,
        1,
        null,
        1,
        44,
        44,
        null,
        null,
        1,
        14,
        14,
        null,
        null,
        1,
        5,
        null,
        null,
        1,
        5,
        null,
        null,
        1,
        5,
        null,
        null,
        null,
        null,
        1,
        5,
        5,
        null,
        null,
        1,
        5,
        null,
        null,
        1,
        5,
        null,
        null,
        1,
        13,
        4,
        null,
        4,
        null,
        null,
        1,
        10,
        null,
        null,
        null,
        null,
        null,
        10,
        10,
        10,
        null,
        null,
        1,
        4,
        4,
        4,
        null,
        null,
        null,
        null,
        null,
        null,
        4,
        4,
        null,
        null,
        1,
        4,
        4,
        null,
        null,
        null,
        null,
        null,
        4,
        null,
        null,
        null,
        null,
        null,
        null,
        null,
        4,
        null,
        null,
        1,
        7,
        7,
        null,
        null,
        null
      ],
      "/Users/tmh/Documents/govt-urls/spec/queries/government_url_query_spec.rb": [
        1,
        null,
        1,
        4,
        null,
        1,
        null,
        1,
        2,
        null,
        1,
        1,
        null,
        null,
        null,
        1,
        2,
        2,
        null,
        1,
        1,
        null,
        null,
        null,
        1,
        2,
        2,
        null,
        1,
        1,
        null,
        null,
        null,
        1,
        2,
        2,
        null,
        1,
        1,
        null,
        null,
        null,
        null,
        null
      ],
      "/Users/tmh/Documents/govt-urls/app/queries/government_url_query.rb": [
        1,
        null,
        1,
        1,
        1,
        null,
        1,
        8,
        null,
        8,
        null,
        8,
        8,
        8,
        8,
        8,
        null,
        null,
        null,
        1,
        8,
        8,
        8,
        null,
        null,
        null,
        1,
        4,
        4,
        4,
        8,
        8,
        null,
        null,
        8,
        null,
        null,
        1,
        2,
        2,
        2,
        null,
        2,
        null,
        2,
        null,
        null,
        8,
        null,
        null,
        1,
        2,
        2,
        2,
        2,
        2,
        null,
        1,
        null,
        1,
        8,
        8,
        null,
        null,
        null,
        null
      ],
      "/Users/tmh/Documents/govt-urls/app/models/government_url.rb": [
        1,
        1,
        null,
        1,
        null,
        null,
        null,
        null,
        null,
        null,
        null,
        null,
        null,
        null,
        null,
        null,
        null,
        null,
        null,
        null,
        null,
        null,
        null,
        null,
        null,
        null,
        null
      ],
      "/Users/tmh/Documents/govt-urls/lib/es.rb": [
        1,
        1,
        null,
        1,
        39,
        null,
        null
      ],
      "/Users/tmh/Documents/govt-urls/app/controllers/api/government_url_controller.rb": [
        1,
        null,
        1,
        null,
        1,
        4,
        4,
        4,
        null,
        null,
        null
      ],
      "/Users/tmh/Documents/govt-urls/app/controllers/application_controller.rb": [
        1,
        null,
        1,
        null,
        null,
        1,
        null,
        null
      ]
    },
    "timestamp": 1436984955
  }
}
